<?xml version="1.0" encoding="UTF-8"?>
<testng-results ignored="0" total="1" passed="1" failed="0" skipped="0">
  <reporter-output>
  </reporter-output>
  <suite started-at="2025-01-20T12:41:09 IST" name="Default suite" finished-at="2025-01-20T12:41:35 IST" duration-ms="25433">
    <groups>
    </groups>
    <test started-at="2025-01-20T12:41:09 IST" name="Default test" finished-at="2025-01-20T12:41:35 IST" duration-ms="25433">
      <class name="Test.loginTest">
        <test-method is-config="true" signature="setup()[pri:0, instance:Test.loginTest@41a0aa7d]" started-at="2025-01-20T12:41:09 IST" name="setup" finished-at="2025-01-20T12:41:11 IST" duration-ms="1667" status="PASS">
          <reporter-output>
          </reporter-output>
        </test-method> <!-- setup -->
        <test-method signature="loginuser(java.lang.String)[pri:1, instance:Test.loginTest@41a0aa7d]" started-at="2025-01-20T12:41:11 IST" name="loginuser" data-provider="languageProvider" finished-at="2025-01-20T12:41:35 IST" duration-ms="23738" status="PASS">
          <params>
            <param index="0">
              <value>
                <![CDATA[en_US]]>
              </value>
            </param>
          </params>
          <reporter-output>
          </reporter-output>
        </test-method> <!-- loginuser -->
      </class> <!-- Test.loginTest -->
    </test> <!-- Default test -->
  </suite> <!-- Default suite -->
</testng-results>
