<?xml version="1.0" encoding="UTF-8"?>
<testng-results ignored="0" total="1" passed="1" failed="0" skipped="0">
  <reporter-output>
  </reporter-output>
  <suite started-at="2025-03-06T15:51:41 IST" name="Default suite" finished-at="2025-03-06T15:52:05 IST" duration-ms="24719">
    <groups>
    </groups>
    <test started-at="2025-03-06T15:51:41 IST" name="Default test" finished-at="2025-03-06T15:52:05 IST" duration-ms="24719">
      <class name="page_function.loginTest">
        <test-method is-config="true" signature="setup()[pri:0, instance:page_function.loginTest@6340e5f0]" started-at="2025-03-06T15:51:41 IST" name="setup" finished-at="2025-03-06T15:51:42 IST" duration-ms="1632" status="PASS">
          <reporter-output>
          </reporter-output>
        </test-method> <!-- setup -->
        <test-method signature="loginuser(java.lang.String)[pri:1, instance:page_function.loginTest@6340e5f0]" started-at="2025-03-06T15:51:42 IST" name="loginuser" data-provider="languageProvider" finished-at="2025-03-06T15:52:05 IST" duration-ms="23064" status="PASS">
          <params>
            <param index="0">
              <value>
                <![CDATA[en_US]]>
              </value>
            </param>
          </params>
          <reporter-output>
          </reporter-output>
        </test-method> <!-- loginuser -->
      </class> <!-- page_function.loginTest -->
    </test> <!-- Default test -->
  </suite> <!-- Default suite -->
</testng-results>
